<?xml version="1.0" encoding="utf-8"?><testsuites name="pytest tests"><testsuite name="pytest" errors="0" failures="0" skipped="0" tests="10" time="2.910" timestamp="2026-08-14T13:01:02.019670+00:00" hostname="agent-env-ccf0cf29-1a11-412a-af5d-d7c4dc4aede6"><testcase classname="tests.test_admin_access.TestAdminLogin" name="test_login_with_password" time="0.504" /><testcase classname="tests.test_admin_access.TestAdminLogin" name="test_login_with_empty_password" time="0.224" /><testcase classname="tests.test_admin_access.TestAdminStatsGating" name="test_stats_with_admin_token" time="1.035" /><testcase classname="tests.test_admin_access.TestAdminLogin" name="test_me_returns_admin_role" time="0.388" /><testcase classname="tests.test_admin_access.TestAdminStatsGating" name="test_admin_users_list" time="0.155" /><testcase classname="tests.test_admin_access.TestAdminStatsGating" name="test_admin_users_forbidden_for_non_admin" time="0.473" /><testcase classname="tests.test_admin_access.TestAdminStatsGating" name="test_admin_create_album_and_song" time="0.502" /><testcase classname="tests.test_admin_access.TestAdminStatsGating" name="test_admin_album_forbidden_for_non_admin" time="0.140" /><testcase classname="tests.test_admin_access.TestAdminStatsGating" name="test_stats_without_token" time="0.132" /><testcase classname="tests.test_admin_access.TestAdminStatsGating" name="test_stats_with_non_admin_token" time="0.159" /></testsuite></testsuites>