<?xml version="1.0" encoding="utf-8"?><testsuites name="pytest tests"><testsuite name="pytest" errors="0" failures="0" skipped="0" tests="6" time="2.027" timestamp="2026-08-14T12:30:37.229913+00:00" hostname="agent-env-ccf0cf29-1a11-412a-af5d-d7c4dc4aede6"><testcase classname="tests.test_admin_access.TestAdminLogin" name="test_login_with_password" time="0.522" /><testcase classname="tests.test_admin_access.TestAdminLogin" name="test_login_with_empty_password" time="0.223" /><testcase classname="tests.test_admin_access.TestAdminLogin" name="test_me_returns_admin_role" time="0.332" /><testcase classname="tests.test_admin_access.TestAdminStatsGating" name="test_stats_with_admin_token" time="1.034" /><testcase classname="tests.test_admin_access.TestAdminStatsGating" name="test_stats_without_token" time="0.197" /><testcase classname="tests.test_admin_access.TestAdminStatsGating" name="test_stats_with_non_admin_token" time="0.468" /></testsuite></testsuites>