<?xml version="1.0" encoding="utf-8"?><testsuites name="pytest tests"><testsuite name="pytest" errors="0" failures="1" skipped="0" tests="21" time="4.569" timestamp="2026-08-14T13:51:33.570864+00:00" hostname="agent-env-ccf0cf29-1a11-412a-af5d-d7c4dc4aede6"><testcase classname="tests.test_analytics_and_delete.TestDeleteAccount" name="test_regular_user_can_self_delete" time="0.632"><failure message="AssertionError: assert 'test_selfdel...e6be@test.com' == 'TEST_selfdel...e6be@test.com'&#10;  &#10;  - TEST_selfdel_a63ee6be@test.com&#10;  ? ^^^^&#10;  + test_selfdel_a63ee6be@test.com&#10;  ? ^^^^">backend/tests/test_analytics_and_delete.py:147: in test_regular_user_can_self_delete
    assert me.json()["email"] == email
E   AssertionError: assert 'test_selfdel...e6be@test.com' == 'TEST_selfdel...e6be@test.com'
E     
E     - TEST_selfdel_a63ee6be@test.com
E     ? ^^^^
E     + test_selfdel_a63ee6be@test.com
E     ? ^^^^</failure></testcase><testcase classname="tests.test_analytics_and_delete.TestAnalyticsAccess" name="test_unauthenticated_returns_401_or_403[overview]" time="0.474" /><testcase classname="tests.test_analytics_and_delete.TestAnalyticsAccess" name="test_unauthenticated_returns_401_or_403[trends]" time="0.187" /><testcase classname="tests.test_analytics_and_delete.TestAnalyticsAccess" name="test_unauthenticated_returns_401_or_403[user-demographics]" time="0.343" /><testcase classname="tests.test_analytics_and_delete.TestAnalyticsAccess" name="test_unauthenticated_returns_401_or_403[realtime]" time="0.146" /><testcase classname="tests.test_analytics_and_delete.TestDeleteAccount" name="test_admin_cannot_self_delete" time="0.692" /><testcase classname="tests.test_analytics_and_delete.TestAnalyticsAccess" name="test_unauthenticated_returns_401_or_403[download-stats]" time="0.142" /><testcase classname="tests.test_analytics_and_delete.TestAnalyticsAccess" name="test_unauthenticated_returns_401_or_403[live-listeners]" time="0.214" /><testcase classname="tests.test_analytics_and_delete.TestDeleteAccount" name="test_delete_without_token" time="0.172" /><testcase classname="tests.test_analytics_and_delete.TestAnalyticsAccess" name="test_non_admin_forbidden[overview]" time="0.556" /><testcase classname="tests.test_analytics_and_delete.TestAnalyticsAccess" name="test_non_admin_forbidden[trends]" time="0.128" /><testcase classname="tests.test_analytics_and_delete.TestAnalyticsAccess" name="test_non_admin_forbidden[user-demographics]" time="0.179" /><testcase classname="tests.test_analytics_and_delete.TestAnalyticsAccess" name="test_non_admin_forbidden[realtime]" time="0.156" /><testcase classname="tests.test_analytics_and_delete.TestAnalyticsAccess" name="test_non_admin_forbidden[download-stats]" time="0.145" /><testcase classname="tests.test_analytics_and_delete.TestAnalyticsAccess" name="test_non_admin_forbidden[live-listeners]" time="0.124" /><testcase classname="tests.test_analytics_and_delete.TestAnalyticsAccess" name="test_overview_shape" time="0.603" /><testcase classname="tests.test_analytics_and_delete.TestAnalyticsAccess" name="test_trends_shape" time="0.180" /><testcase classname="tests.test_analytics_and_delete.TestAnalyticsAccess" name="test_user_demographics_shape" time="0.162" /><testcase classname="tests.test_analytics_and_delete.TestAnalyticsAccess" name="test_realtime_shape" time="0.155" /><testcase classname="tests.test_analytics_and_delete.TestAnalyticsAccess" name="test_download_stats_ok" time="0.230" /><testcase classname="tests.test_analytics_and_delete.TestAnalyticsAccess" name="test_live_listeners_shape" time="0.118" /></testsuite></testsuites>