<?xml version="1.0" encoding="utf-8"?><testsuites name="pytest tests"><testsuite name="pytest" errors="0" failures="0" skipped="1" tests="21" time="4.369" timestamp="2026-08-14T14:42:34.420011+00:00" hostname="agent-env-ccf0cf29-1a11-412a-af5d-d7c4dc4aede6"><testcase classname="tests.test_artists.TestArtistAuth" name="test_register_duplicate_409" time="1.184" /><testcase classname="tests.test_artists.TestAdminMgmt" name="test_list_artists_admin" time="1.256" /><testcase classname="tests.test_artists.TestArtistAuth" name="test_pending_login_403" time="0.296" /><testcase classname="tests.test_artists.TestArtistAuth" name="test_wrong_password_401" time="0.445" /><testcase classname="tests.test_artists.TestAdminMgmt" name="test_list_artists_requires_admin" time="0.667" /><testcase classname="tests.test_artists.TestAdminMgmt" name="test_list_artists_unauth" time="0.311" /><testcase classname="tests.test_artists.TestAdminMgmt" name="test_approve_pending_and_login_now_works" time="0.355" /><testcase classname="tests.test_artists.TestArtistAuth" name="test_approved_login_200_and_me" time="0.671" /><testcase classname="tests.test_artists.TestAdminMgmt" name="test_invalid_status_400" time="0.065" /><testcase classname="tests.test_artists.TestArtistAuth" name="test_me_no_token_401" time="0.182" /><testcase classname="tests.test_artists.TestAdminMgmt" name="test_admin_withdrawals_list" time="0.065" /><testcase classname="tests.test_artists.TestAdminMgmt" name="test_admin_set_withdrawal_status_invalid" time="0.065" /><testcase classname="tests.test_artists.TestEarningsWithdrawals" name="test_earnings_shape" time="0.086" /><testcase classname="tests.test_artists.TestAdminMgmt" name="test_admin_set_withdrawal_status_notfound" time="0.093" /><testcase classname="tests.test_artists.TestEarningsWithdrawals" name="test_withdraw_exceeds_available_400" time="0.192" /><testcase classname="tests.test_artists.TestContent" name="test_create_song_owned_album" time="0.167" /><testcase classname="tests.test_artists.TestContent" name="test_create_song_unknown_album_404" time="0.065" /><testcase classname="tests.test_artists.TestEarningsWithdrawals" name="test_withdraw_valid_or_zero_available" time="0.209"><skipped type="pytest.skip" message="Demo artist has no available balance; positive path skipped.">/app/backend/tests/test_artists.py:187: Demo artist has no available balance; positive path skipped.</skipped></testcase><testcase classname="tests.test_artists.TestContent" name="test_list_scoped_to_artist" time="0.200" /><testcase classname="tests.test_artists.TestEarningsWithdrawals" name="test_list_withdrawals" time="0.122" /><testcase classname="tests.test_artists.TestUpload" name="test_upload_and_serve" time="0.729" /></testsuite></testsuites>