<?xml version="1.0" encoding="utf-8"?><testsuites name="pytest tests"><testsuite name="pytest" errors="0" failures="0" skipped="0" tests="10" time="2.696" timestamp="2026-08-11T20:08:57.291696+00:00" hostname="agent-env-ccf0cf29-1a11-412a-af5d-d7c4dc4aede6"><testcase classname="tests.test_auth_flows.TestLogin" name="test_admin_empty_password_ok" time="0.410" /><testcase classname="tests.test_auth_flows.TestMe" name="test_me_with_valid_bearer" time="0.464" /><testcase classname="tests.test_auth_flows.TestLogin" name="test_admin_correct_password_ok" time="0.343" /><testcase classname="tests.test_auth_flows.TestMe" name="test_me_missing_token_401" time="0.237" /><testcase classname="tests.test_auth_flows.TestMe" name="test_me_invalid_token_401" time="0.059" /><testcase classname="tests.test_auth_flows.TestRegister" name="test_register_new_returns_token" time="0.505" /><testcase classname="tests.test_auth_flows.TestRegister" name="test_register_duplicate_409" time="0.284" /><testcase classname="tests.test_auth_flows.TestLogin" name="test_user_correct_password_ok" time="1.030" /><testcase classname="tests.test_auth_flows.TestLogin" name="test_user_wrong_password_401" time="0.290" /><testcase classname="tests.test_auth_flows.TestLogin" name="test_user_empty_password_401" time="0.297" /></testsuite></testsuites>