<?xml version="1.0" encoding="utf-8"?><testsuites name="pytest tests"><testsuite name="pytest" errors="0" failures="0" skipped="0" tests="5" time="2.009" timestamp="2026-08-18T19:12:40.339785+00:00" hostname="agent-env-ccf0cf29-1a11-412a-af5d-d7c4dc4aede6"><testcase classname="tests.test_billing_toggle.TestBillingStatusShape" name="test_public_status_has_required_keys" time="0.510" /><testcase classname="tests.test_billing_toggle.TestBillingRoundTrip" name="test_toggle_off_reflects_in_billing_status" time="0.930" /><testcase classname="tests.test_billing_toggle.TestFreeUserLogin" name="test_free_user_login" time="0.399" /><testcase classname="tests.test_billing_toggle.TestBillingRoundTrip" name="test_toggle_on_reflects_in_billing_status" time="0.401" /><testcase classname="tests.test_billing_toggle.TestBillingRoundTrip" name="test_restore_off_at_end" time="0.360" /></testsuite></testsuites>