<?xml version="1.0" encoding="utf-8"?><testsuites name="pytest tests"><testsuite name="pytest" errors="0" failures="0" skipped="0" tests="7" time="2.124" timestamp="2026-08-17T22:19:13.829825+00:00" hostname="agent-env-ccf0cf29-1a11-412a-af5d-d7c4dc4aede6"><testcase classname="tests.test_home_layout.TestHomeSections" name="test_home_ok" time="0.323" /><testcase classname="tests.test_home_layout.TestHomeLayoutAuth" name="test_requires_auth" time="0.320" /><testcase classname="tests.test_home_layout.TestHomeSections" name="test_home_contains_new_rows" time="0.213" /><testcase classname="tests.test_home_layout.TestHomeSections" name="test_home_section_shapes" time="0.254" /><testcase classname="tests.test_home_layout.TestHomeLayoutAuth" name="test_get_returns_rows" time="0.630" /><testcase classname="tests.test_home_layout.TestHomeLayoutMutation" name="test_put_reorder_and_disable_reflects_in_home" time="0.432" /><testcase classname="tests.test_home_layout.TestHomeLayoutMutation" name="test_reset_to_all_enabled_default" time="0.401" /></testsuite></testsuites>