<?xml version="1.0" encoding="utf-8"?><testsuites name="pytest tests"><testsuite name="pytest" errors="0" failures="0" skipped="0" tests="30" time="3.703" timestamp="2026-08-11T14:42:10.378495+00:00" hostname="agent-env-ccf0cf29-1a11-412a-af5d-d7c4dc4aede6"><testcase classname="tests.test_vibe_backend.TestContent" name="test_radio" time="0.530" /><testcase classname="tests.test_vibe_backend.TestAdmin" name="test_admin_stats" time="0.608" /><testcase classname="tests.test_vibe_backend.TestContent" name="test_bible_books" time="0.104" /><testcase classname="tests.test_vibe_backend.TestAdmin" name="test_admin_users" time="0.062" /><testcase classname="tests.test_vibe_backend.TestContent" name="test_bible_genesis_chapter_1" time="0.103" /><testcase classname="tests.test_vibe_backend.TestAdmin" name="test_admin_analytics_plays" time="0.101" /><testcase classname="tests.test_vibe_backend.TestContent" name="test_neno_active" time="0.083" /><testcase classname="tests.test_vibe_backend.TestContent" name="test_churches_list_and_detail" time="0.324" /><testcase classname="tests.test_vibe_backend.TestAdmin" name="test_non_admin_forbidden" time="0.424" /><testcase classname="tests.test_vibe_backend.TestCatalog" name="test_list_albums" time="0.072" /><testcase classname="tests.test_vibe_backend.TestAdmin" name="test_admin_create_album_and_song" time="0.436" /><testcase classname="tests.test_vibe_backend.TestCatalog" name="test_album_detail" time="0.074" /><testcase classname="tests.test_vibe_backend.TestCatalog" name="test_list_songs" time="0.102" /><testcase classname="tests.test_vibe_backend.TestCatalog" name="test_search" time="0.091" /><testcase classname="tests.test_vibe_backend.TestBilling" name="test_billing_status" time="0.072" /><testcase classname="tests.test_vibe_backend.TestBilling" name="test_subscription_plans" time="0.075" /><testcase classname="tests.test_vibe_backend.TestAuth" name="test_admin_login_with_password" time="0.287" /><testcase classname="tests.test_vibe_backend.TestAuth" name="test_admin_login_with_empty_password" time="0.220" /><testcase classname="tests.test_vibe_backend.TestAuth" name="test_register_and_me" time="0.062" /><testcase classname="tests.test_vibe_backend.TestBilling" name="test_payment_azampay_activates_premium" time="0.864" /><testcase classname="tests.test_vibe_backend.TestAuth" name="test_login_wrong_password" time="0.280" /><testcase classname="tests.test_vibe_backend.TestHome" name="test_home_sections" time="0.078" /><testcase classname="tests.test_vibe_backend.TestBilling" name="test_payment_requires_auth" time="0.081" /><testcase classname="tests.test_vibe_backend.TestHome" name="test_categories" time="0.064" /><testcase classname="tests.test_vibe_backend.TestPlaylists" name="test_playlists_require_auth" time="0.085" /><testcase classname="tests.test_vibe_backend.TestPlayback" name="test_play_increments" time="0.394" /><testcase classname="tests.test_vibe_backend.TestPlaylists" name="test_playlist_crud" time="0.413" /><testcase classname="tests.test_vibe_backend.TestPlayback" name="test_recommendations_next" time="0.193" /><testcase classname="tests.test_vibe_backend.TestPlaylists" name="test_like_toggle" time="0.215" /><testcase classname="tests.test_vibe_backend.TestHealth" name="test_health" time="0.059" /></testsuite></testsuites>