<?xml version="1.0" encoding="utf-8"?><testsuites name="pytest tests"><testsuite name="pytest" errors="0" failures="0" skipped="0" tests="14" time="2.998" timestamp="2026-08-14T15:16:38.295226+00:00" hostname="agent-env-ccf0cf29-1a11-412a-af5d-d7c4dc4aede6"><testcase classname="tests.test_reports_analytics.TestAccessGating" name="test_unauth_returns_401_or_403[enhanced]" time="0.519" /><testcase classname="tests.test_reports_analytics.TestTransactions" name="test_shape_all" time="0.645" /><testcase classname="tests.test_reports_analytics.TestAccessGating" name="test_unauth_returns_401_or_403[revenue-overview]" time="0.285" /><testcase classname="tests.test_reports_analytics.TestTransactions" name="test_status_filter_completed" time="0.212" /><testcase classname="tests.test_reports_analytics.TestAccessGating" name="test_unauth_returns_401_or_403[transactions]" time="0.130" /><testcase classname="tests.test_reports_analytics.TestTransactions" name="test_no_object_id_leak" time="1.382" /><testcase classname="tests.test_reports_analytics.TestAccessGating" name="test_unauth_returns_401_or_403[location-overview]" time="0.127" /><testcase classname="tests.test_reports_analytics.TestAccessGating" name="test_non_admin_forbidden[enhanced]" time="0.560" /><testcase classname="tests.test_reports_analytics.TestAccessGating" name="test_non_admin_forbidden[revenue-overview]" time="0.119" /><testcase classname="tests.test_reports_analytics.TestAccessGating" name="test_non_admin_forbidden[transactions]" time="0.146" /><testcase classname="tests.test_reports_analytics.TestAccessGating" name="test_non_admin_forbidden[location-overview]" time="0.134" /><testcase classname="tests.test_reports_analytics.TestEnhanced" name="test_shape" time="0.243" /><testcase classname="tests.test_reports_analytics.TestLocationOverview" name="test_shape" time="0.489" /><testcase classname="tests.test_reports_analytics.TestRevenueOverview" name="test_shape" time="0.191" /></testsuite></testsuites>